<?xml version="1.0" encoding="UTF-8"?>
<testng-results skipped="0" failed="0" ignored="0" total="5" passed="5">
  <reporter-output>
  </reporter-output>
  <suite name="Default suite" duration-ms="7638" started-at="2019-08-08T07:57:24Z" finished-at="2019-08-08T07:57:32Z">
    <groups>
    </groups>
    <test name="Default test" duration-ms="7638" started-at="2019-08-08T07:57:24Z" finished-at="2019-08-08T07:57:32Z">
      <class name="dataDrivenTesting.DataDrivenTest_AddNewEmployees">
        <test-method status="PASS" signature="postNewEmployee(java.lang.String, java.lang.String, java.lang.String)[pri:0, instance:dataDrivenTesting.DataDrivenTest_AddNewEmployees@1753acfe]" name="postNewEmployee" duration-ms="3402" started-at="2019-08-08T13:27:25Z" data-provider="empdataprovider" finished-at="2019-08-08T13:27:29Z">
          <params>
            <param index="0">
              <value>
                <![CDATA[a123456]]>
              </value>
            </param>
            <param index="1">
              <value>
                <![CDATA[50000.0]]>
              </value>
            </param>
            <param index="2">
              <value>
                <![CDATA[25.0]]>
              </value>
            </param>
          </params>
          <reporter-output>
          </reporter-output>
        </test-method> <!-- postNewEmployee -->
        <test-method status="PASS" signature="postNewEmployee(java.lang.String, java.lang.String, java.lang.String)[pri:0, instance:dataDrivenTesting.DataDrivenTest_AddNewEmployees@1753acfe]" name="postNewEmployee" duration-ms="766" started-at="2019-08-08T13:27:29Z" data-provider="empdataprovider" finished-at="2019-08-08T13:27:29Z">
          <params>
            <param index="0">
              <value>
                <![CDATA[b123456]]>
              </value>
            </param>
            <param index="1">
              <value>
                <![CDATA[51000.0]]>
              </value>
            </param>
            <param index="2">
              <value>
                <![CDATA[25.0]]>
              </value>
            </param>
          </params>
          <reporter-output>
          </reporter-output>
        </test-method> <!-- postNewEmployee -->
        <test-method status="PASS" signature="postNewEmployee(java.lang.String, java.lang.String, java.lang.String)[pri:0, instance:dataDrivenTesting.DataDrivenTest_AddNewEmployees@1753acfe]" name="postNewEmployee" duration-ms="863" started-at="2019-08-08T13:27:29Z" data-provider="empdataprovider" finished-at="2019-08-08T13:27:30Z">
          <params>
            <param index="0">
              <value>
                <![CDATA[c123456]]>
              </value>
            </param>
            <param index="1">
              <value>
                <![CDATA[52000.0]]>
              </value>
            </param>
            <param index="2">
              <value>
                <![CDATA[25.0]]>
              </value>
            </param>
          </params>
          <reporter-output>
          </reporter-output>
        </test-method> <!-- postNewEmployee -->
        <test-method status="PASS" signature="postNewEmployee(java.lang.String, java.lang.String, java.lang.String)[pri:0, instance:dataDrivenTesting.DataDrivenTest_AddNewEmployees@1753acfe]" name="postNewEmployee" duration-ms="749" started-at="2019-08-08T13:27:30Z" data-provider="empdataprovider" finished-at="2019-08-08T13:27:31Z">
          <params>
            <param index="0">
              <value>
                <![CDATA[d123456]]>
              </value>
            </param>
            <param index="1">
              <value>
                <![CDATA[53000.0]]>
              </value>
            </param>
            <param index="2">
              <value>
                <![CDATA[26.0]]>
              </value>
            </param>
          </params>
          <reporter-output>
          </reporter-output>
        </test-method> <!-- postNewEmployee -->
        <test-method status="PASS" signature="postNewEmployee(java.lang.String, java.lang.String, java.lang.String)[pri:0, instance:dataDrivenTesting.DataDrivenTest_AddNewEmployees@1753acfe]" name="postNewEmployee" duration-ms="910" started-at="2019-08-08T13:27:31Z" data-provider="empdataprovider" finished-at="2019-08-08T13:27:32Z">
          <params>
            <param index="0">
              <value>
                <![CDATA[e123456]]>
              </value>
            </param>
            <param index="1">
              <value>
                <![CDATA[54000.0]]>
              </value>
            </param>
            <param index="2">
              <value>
                <![CDATA[26.0]]>
              </value>
            </param>
          </params>
          <reporter-output>
          </reporter-output>
        </test-method> <!-- postNewEmployee -->
      </class> <!-- dataDrivenTesting.DataDrivenTest_AddNewEmployees -->
    </test> <!-- Default test -->
  </suite> <!-- Default suite -->
</testng-results>
