<?xml version="1.0" encoding="UTF-8"?>
<!-- Generated by org.testng.reporters.JUnitXMLReporter -->
<testsuite hostname="mounika-PC" ignored="0" name="Default test" tests="5" failures="0" timestamp="08 Aug 2019 07:57:32 GMT" time="7.638" errors="0">
  <testcase name="postNewEmployee" time="3.402" classname="dataDrivenTesting.DataDrivenTest_AddNewEmployees"/>
  <testcase name="postNewEmployee" time="0.766" classname="dataDrivenTesting.DataDrivenTest_AddNewEmployees"/>
  <testcase name="postNewEmployee" time="0.863" classname="dataDrivenTesting.DataDrivenTest_AddNewEmployees"/>
  <testcase name="postNewEmployee" time="0.749" classname="dataDrivenTesting.DataDrivenTest_AddNewEmployees"/>
  <testcase name="postNewEmployee" time="0.91" classname="dataDrivenTesting.DataDrivenTest_AddNewEmployees"/>
</testsuite> <!-- Default test -->
